Let's get cynical, cynical!
			Kreation LogFile -Open for (busy)ness.

Local time Wed Jul 29 18:40:09 2015


Starting GLFW

3.0.4 Win32 WGL VisualC LoadLibrary(winmm)

Glfw init was a success on first attempt!. (shot)

Wondow creation was a success on first try!. (shot)

Glew init was a success on the first attempt!. (shot)

Renderer: AMD Radeon HD 7800 Series
OpenGL version supported 4.3.12618 Compatibility Profile Context 13.251.0.0

GL Context Params:

GL_MAX_COMBINED_TEXTURE_IMAGE_UNITS	 32

GL_MAX_CUBE_MAP_TEXTURE_SIZE		 16384

GL_MAX_DRAW_BUFFERS			 8

GL_MAX_FRAGMENT_UNIFORM_COMPONENTS	 1024

GL_MAX_TEXTURE_IMAGE_UNITS		 32

GL_MAX_TEXTURE_SIZE			 16384

GL_MAX_VARYING_FLOATS			 128

GL_MAX_VERTEX_ATTRIBS			 29

GL_MAX_VERTEX_TEXTURE_IMAGE_UNITS	 32

GL_MAX_VERTEX_UNIFORM_COMPONENTS	 1024

GL_MAX_VIEWPORT_DIMS			 16384 16384

GL_STEREO				 0

Attempted to load a SHADER    ./Shaders/Basic.vert
IF there are NO SHADER ERRORS directly above this message, all is well.(shot)

Attempted to load a SHADER    ./Shaders/Basic.frag
IF there are NO SHADER ERRORS directly above this message, all is well.(shot)

_________________________________________
Shader Program 3 info
GL_LINK_STATUS = 1
GL_ATTACHED_SHADERS = 2
GL_ACTIVE_ATTRIBUTES = 6353480
	0 ) Type:vec3 Name:InPos Location:0
GL_ACTIVE_UNIFORMS = 1
  0) Type:vec4 Name:inputColour Location:0
